time 0.341290235519
time 0.505283117294
time 0.625561952591
time 0.842540979385
time 0.96465587616
time 1.01484489441
time 1.22734284401
time 1.34389019012
time 1.47330093384
time 1.62687397003
time 1.61539196968
time 11.5825459957
...
  C1 :
     C1 : 0.624      C9 : 0.937      C18 : 0.793      C26 : 0.979      C33 : 0.593      C44 : 0.687      C52 : 0.903      C61 : 0.898      C66 : 0.810      C74 : 0.774      C82 : 0.176      C87 : nan 
  C5 :
     C1 : 0.820      C9 : 0.899      C18 : 0.771      C26 : 0.877      C33 : 0.583      C44 : 0.702      C52 : 0.824      C61 : 0.828      C66 : 0.770      C74 : 0.761      C82 : 0.305      C87 : nan 
  C16 :
     C1 : 0.677      C9 : 0.935      C18 : 0.800      C26 : 0.996      C33 : 0.621      C44 : 0.712      C52 : 0.970      C61 : 0.963      C66 : 0.884      C74 : 0.834      C82 : 0.129      C87 : nan 
  C22 :
     C1 : 0.735      C9 : 0.967      C18 : 0.848      C26 : 0.999      C33 : 0.683      C44 : 0.771      C52 : 0.968      C61 : 0.968      C66 : 0.898      C74 : 0.856      C82 : 0.210      C87 : nan 
  C27 :
     C1 : 0.807      C9 : 0.984      C18 : 0.903      C26 : 0.981      C33 : 0.772      C44 : 0.851      C52 : 0.977      C61 : 0.985      C66 : 0.948      C74 : 0.914      C82 : 0.315      C87 : nan 
  C32 :
     C1 : 0.858      C9 : 0.971      C18 : 0.963      C26 : 0.916      C33 : 0.891      C44 : 0.941      C52 : 0.934      C61 : 0.949      C66 : 0.940      C74 : 0.906      C82 : 0.396      C87 : nan 
  C40 :
     C1 : 0.802      C9 : 0.956      C18 : 0.891      C26 : 0.962      C33 : 0.768      C44 : 0.850      C52 : 0.992      C61 : 0.994      C66 : 0.972      C74 : 0.935      C82 : 0.302      C87 : nan 
  C51 :
     C1 : 0.777      C9 : 0.923      C18 : 0.834      C26 : 0.956      C33 : 0.711      C44 : 0.790      C52 : 0.997      C61 : 0.998      C66 : 0.973      C74 : 0.928      C82 : 0.235      C87 : nan 
  C59 :
     C1 : 0.800      C9 : 0.897      C18 : 0.813      C26 : 0.917      C33 : 0.697      C44 : 0.787      C52 : 0.979      C61 : 0.986      C66 : 0.993      C74 : 0.967      C82 : 0.326      C87 : nan 
  C67 :
     C1 : 0.808      C9 : 0.896      C18 : 0.808      C26 : 0.894      C33 : 0.681      C44 : 0.792      C52 : 0.946      C61 : 0.961      C66 : 0.991      C74 : 0.994      C82 : 0.467      C87 : nan 
  C75 :
     C1 : 0.465      C9 : 0.399      C18 : 0.465      C26 : 0.208      C33 : 0.454      C44 : 0.547      C52 : 0.206      C61 : 0.267      C66 : 0.417      C74 : 0.554      C82 : 0.999      C87 : nan 
  C80 :
     C1 : nan      C9 : nan      C18 : nan      C26 : nan      C33 : nan      C44 : nan      C52 : nan      C61 : nan      C66 : nan      C74 : nan      C82 : nan      C87 : nan 

