time 0.357119083405
time 0.484876871109
time 0.668323993683
time 0.767412900925
time 0.865309000015
time 1.05844497681
time 1.19387698174
time 1.25758099556
time 1.37754893303
time 1.57786083221
time 1.60663509369
time 11.2166581154
...
  C1 :
     C1 : nan      C9 : nan      C18 : nan      C26 : nan      C33 : nan      C44 : nan      C52 : nan      C61 : nan      C66 : nan      C74 : nan      C82 : nan      C87 : nan 
  C5 :
     C1 : nan      C9 : 0.993      C18 : 0.801      C26 : 0.551      C33 : 0.577      C44 : 0.392      C52 : 0.326      C61 : 0.448      C66 : 0.318      C74 : 0.185      C82 : 0.165      C87 : 0.204 
  C16 :
     C1 : nan      C9 : 0.465      C18 : 0.894      C26 : 0.985      C33 : 0.758      C44 : 0.887      C52 : 0.962      C61 : 0.560      C66 : 0.877      C74 : 0.875      C82 : 0.878      C87 : 0.857 
  C22 :
     C1 : nan      C9 : 0.246      C18 : 0.754      C26 : 0.914      C33 : 0.654      C44 : 0.871      C52 : 0.986      C61 : 0.480      C66 : 0.896      C74 : 0.956      C82 : 0.957      C87 : 0.936 
  C27 :
     C1 : nan      C9 : 0.404      C18 : 0.793      C26 : 0.876      C33 : 0.891      C44 : 0.818      C52 : 0.867      C61 : 0.484      C66 : 0.780      C74 : 0.796      C82 : 0.790      C87 : 0.783 
  C32 :
     C1 : nan      C9 : 0.258      C18 : 0.762      C26 : 0.920      C33 : 0.659      C44 : 0.872      C52 : 0.976      C61 : 0.531      C66 : 0.891      C74 : 0.933      C82 : 0.945      C87 : 0.915 
  C40 :
     C1 : nan      C9 : 0.219      C18 : 0.732      C26 : 0.905      C33 : 0.658      C44 : 0.914      C52 : 0.992      C61 : 0.562      C66 : 0.941      C74 : 0.973      C82 : 0.978      C87 : 0.960 
  C51 :
     C1 : nan      C9 : 0.286      C18 : 0.761      C26 : 0.910      C33 : 0.709      C44 : 0.942      C52 : 0.995      C61 : 0.630      C66 : 0.966      C74 : 0.981      C82 : 0.984      C87 : 0.977 
  C59 :
     C1 : nan      C9 : 0.470      C18 : 0.817      C26 : 0.896      C33 : 0.779      C44 : 0.988      C52 : 0.927      C61 : 0.841      C66 : 0.988      C74 : 0.899      C82 : 0.903      C87 : 0.916 
  C67 :
     C1 : nan      C9 : 0.234      C18 : 0.698      C26 : 0.852      C33 : 0.648      C44 : 0.912      C52 : 0.975      C61 : 0.586      C66 : 0.954      C74 : 0.995      C82 : 0.991      C87 : 0.995 
  C75 :
     C1 : nan      C9 : 0.221      C18 : 0.680      C26 : 0.835      C33 : 0.608      C44 : 0.908      C52 : 0.968      C61 : 0.603      C66 : 0.958      C74 : 0.996      C82 : 0.994      C87 : 0.999 
  C80 :
     C1 : nan      C9 : 0.111      C18 : 0.608      C26 : 0.793      C33 : 0.526      C44 : 0.843      C52 : 0.954      C61 : 0.478      C66 : 0.907      C74 : 0.996      C82 : 0.993      C87 : 0.989 

