time 0.335979938507
time 0.345833063126
time 0.348299980164
time 0.340059995651
time 0.338788032532
time 0.340646982193
time 0.344919919968
time 0.364135980606
time 0.3464448452
time 0.332344770432
time 0.318901062012
time 3.75802516937
...
  C1 :
     C1 : nan      C9 : nan      C18 : nan      C26 : nan      C33 : nan      C44 : nan      C52 : nan      C61 : nan      C66 : nan      C74 : nan      C82 : nan      C87 : nan 
  C5 :
     C1 : nan      C9 : 1.000      C18 : 0.885      C26 : 0.822      C33 : 0.000      C44 : 0.827      C52 : 0.847      C61 : 0.849      C66 : 0.881      C74 : 0.887      C82 : 0.880      C87 : 0.899 
  C16 :
     C1 : nan      C9 : 0.919      C18 : 0.997      C26 : 0.980      C33 : 0.968      C44 : 0.982      C52 : 0.988      C61 : 0.988      C66 : 0.996      C74 : 0.997      C82 : 0.996      C87 : 0.999 
  C22 :
     C1 : nan      C9 : 0.838      C18 : 0.995      C26 : 1.000      C33 : 0.997      C44 : 1.000      C52 : 1.000      C61 : 1.000      C66 : 0.996      C74 : 0.995      C82 : 0.997      C87 : 0.992 
  C27 :
     C1 : nan      C9 : 0.895      C18 : 1.000      C26 : 0.989      C33 : 0.981      C44 : 0.991      C52 : 0.995      C61 : 0.995      C66 : 0.999      C74 : 1.000      C82 : 0.999      C87 : 1.000 
  C32 :
     C1 : nan      C9 : 0.871      C18 : 1.000      C26 : 0.996      C33 : 0.990      C44 : 0.997      C52 : 0.999      C61 : 0.999      C66 : 1.000      C74 : 0.999      C82 : 1.000      C87 : 0.998 
  C40 :
     C1 : nan      C9 : 0.815      C18 : 0.990      C26 : 1.000      C33 : 0.999      C44 : 0.999      C52 : 0.998      C61 : 0.998      C66 : 0.992      C74 : 0.990      C82 : 0.992      C87 : 0.986 
  C51 :
     C1 : nan      C9 : 0.845      C18 : 0.997      C26 : 0.999      C33 : 0.996      C44 : 0.999      C52 : 1.000      C61 : 1.000      C66 : 0.997      C74 : 0.996      C82 : 0.998      C87 : 0.994 
  C59 :
     C1 : nan      C9 : 0.882      C18 : 1.000      C26 : 0.993      C33 : 0.986      C44 : 0.994      C52 : 0.998      C61 : 0.998      C66 : 1.000      C74 : 1.000      C82 : 1.000      C87 : 0.999 
  C67 :
     C1 : nan      C9 : 0.866      C18 : 0.999      C26 : 0.997      C33 : 0.991      C44 : 0.997      C52 : 0.999      C61 : 0.999      C66 : 1.000      C74 : 0.999      C82 : 1.000      C87 : 0.997 
  C75 :
     C1 : nan      C9 : 0.879      C18 : 1.000      C26 : 0.994      C33 : 0.987      C44 : 0.995      C52 : 0.998      C61 : 0.998      C66 : 1.000      C74 : 1.000      C82 : 1.000      C87 : 0.999 
  C80 :
     C1 : nan      C9 : 0.871      C18 : 0.999      C26 : 0.996      C33 : 0.990      C44 : 0.996      C52 : 0.999      C61 : 0.999      C66 : 1.000      C74 : 0.999      C82 : 1.000      C87 : 0.998 

