time 0.0283119678497
time 0.0279140472412
time 0.0284249782562
time 0.028883934021
time 0.0318448543549
time 0.0288820266724
time 0.0280041694641
time 0.0276808738708
time 0.0277411937714
time 0.0272998809814
time 0.0270671844482
time 0.31357884407
...
  C1 :
     C1 : 0.000      C9 : 0.943      C18 : 0.000      C26 : 0.997      C33 : 0.000      C44 : 0.000      C52 : 0.989      C61 : 0.989      C66 : 0.971      C74 : 0.942      C82 : 0.000      C87 : nan 
  C5 :
     C1 : 0.861      C9 : 0.852      C18 : 0.000      C26 : 0.855      C33 : 0.000      C44 : 0.000      C52 : 0.835      C61 : 0.844      C66 : 0.826      C74 : 0.823      C82 : 0.000      C87 : nan 
  C16 :
     C1 : 0.000      C9 : 0.928      C18 : 0.000      C26 : 0.995      C33 : 0.000      C44 : 0.000      C52 : 0.995      C61 : 0.988      C66 : 0.958      C74 : 0.909      C82 : 0.000      C87 : nan 
  C22 :
     C1 : 0.000      C9 : 0.963      C18 : 0.809      C26 : 0.999      C33 : 0.000      C44 : 0.000      C52 : 0.996      C61 : 0.998      C66 : 0.980      C74 : 0.940      C82 : 0.000      C87 : nan 
  C27 :
     C1 : 0.817      C9 : 0.989      C18 : 0.876      C26 : 0.986      C33 : 0.000      C44 : 0.816      C52 : 0.984      C61 : 0.995      C66 : 0.994      C74 : 0.961      C82 : 0.000      C87 : nan 
  C32 :
     C1 : 0.853      C9 : 0.981      C18 : 0.958      C26 : 0.918      C33 : 0.862      C44 : 0.924      C52 : 0.928      C61 : 0.946      C66 : 0.964      C74 : 0.927      C82 : 0.000      C87 : nan 
  C40 :
     C1 : 0.000      C9 : 0.980      C18 : 0.878      C26 : 0.986      C33 : 0.000      C44 : 0.813      C52 : 0.992      C61 : 0.994      C66 : 0.990      C74 : 0.950      C82 : 0.000      C87 : nan 
  C51 :
     C1 : 0.000      C9 : 0.962      C18 : 0.829      C26 : 0.995      C33 : 0.000      C44 : 0.000      C52 : 0.997      C61 : 0.999      C66 : 0.982      C74 : 0.934      C82 : 0.000      C87 : nan 
  C59 :
     C1 : 0.000      C9 : 0.974      C18 : 0.835      C26 : 0.996      C33 : 0.000      C44 : 0.000      C52 : 0.992      C61 : 0.998      C66 : 0.993      C74 : 0.962      C82 : 0.000      C87 : nan 
  C67 :
     C1 : 0.000      C9 : 0.974      C18 : 0.828      C26 : 0.972      C33 : 0.000      C44 : 0.000      C52 : 0.955      C61 : 0.972      C66 : 0.989      C74 : 0.993      C82 : 0.000      C87 : nan 
  C75 :
     C1 : 0.000      C9 : 0.000      C18 : 0.000      C26 : 0.000      C33 : 0.000      C44 : 0.000      C52 : 0.000      C61 : 0.000      C66 : 0.000      C74 : 0.000      C82 : 0.999      C87 : nan 
  C80 :
     C1 : nan      C9 : nan      C18 : nan      C26 : nan      C33 : nan      C44 : nan      C52 : nan      C61 : nan      C66 : nan      C74 : nan      C82 : nan      C87 : nan 

