time 0.0287601947784
time 0.0282328128815
time 0.0284490585327
time 0.0477960109711
time 0.0301852226257
time 0.0294830799103
time 0.0292658805847
time 0.0294609069824
time 0.0293960571289
time 0.0289599895477
time 0.0285921096802
time 0.340163946152
...
  C1 :
     C1 : nan      C9 : nan      C18 : nan      C26 : nan      C33 : nan      C44 : nan      C52 : nan      C61 : nan      C66 : nan      C74 : nan      C82 : nan      C87 : nan 
  C5 :
     C1 : nan      C9 : 0.993      C18 : 0.000      C26 : 0.000      C33 : 0.000      C44 : 0.000      C52 : 0.000      C61 : 0.000      C66 : 0.000      C74 : 0.000      C82 : 0.000      C87 : 0.000 
  C16 :
     C1 : nan      C9 : 0.000      C18 : 0.872      C26 : 0.983      C33 : 0.000      C44 : 0.890      C52 : 0.986      C61 : 0.000      C66 : 0.914      C74 : 0.965      C82 : 0.950      C87 : 0.967 
  C22 :
     C1 : nan      C9 : 0.000      C18 : 0.000      C26 : 0.927      C33 : 0.000      C44 : 0.854      C52 : 0.987      C61 : 0.000      C66 : 0.894      C74 : 0.993      C82 : 0.984      C87 : 0.987 
  C27 :
     C1 : nan      C9 : 0.000      C18 : 0.000      C26 : 0.846      C33 : 0.854      C44 : 0.000      C52 : 0.867      C61 : 0.000      C66 : 0.000      C74 : 0.860      C82 : 0.832      C87 : 0.860 
  C32 :
     C1 : nan      C9 : 0.000      C18 : 0.000      C26 : 0.914      C33 : 0.000      C44 : 0.851      C52 : 0.981      C61 : 0.000      C66 : 0.897      C74 : 0.991      C82 : 0.991      C87 : 0.988 
  C40 :
     C1 : nan      C9 : 0.000      C18 : 0.000      C26 : 0.930      C33 : 0.000      C44 : 0.901      C52 : 0.991      C61 : 0.000      C66 : 0.938      C74 : 0.997      C82 : 0.994      C87 : 0.996 
  C51 :
     C1 : nan      C9 : 0.000      C18 : 0.000      C26 : 0.953      C33 : 0.000      C44 : 0.932      C52 : 0.996      C61 : 0.000      C66 : 0.958      C74 : 0.993      C82 : 0.989      C87 : 0.997 
  C59 :
     C1 : nan      C9 : 0.000      C18 : 0.860      C26 : 0.954      C33 : 0.814      C44 : 0.996      C52 : 0.917      C61 : 0.808      C66 : 0.985      C74 : 0.878      C82 : 0.879      C87 : 0.905 
  C67 :
     C1 : nan      C9 : 0.000      C18 : 0.000      C26 : 0.945      C33 : 0.000      C44 : 0.919      C52 : 0.994      C61 : 0.000      C66 : 0.946      C74 : 0.994      C82 : 0.989      C87 : 0.996 
  C75 :
     C1 : nan      C9 : 0.000      C18 : 0.000      C26 : 0.947      C33 : 0.000      C44 : 0.927      C52 : 0.995      C61 : 0.000      C66 : 0.958      C74 : 0.995      C82 : 0.994      C87 : 0.999 
  C80 :
     C1 : nan      C9 : 0.000      C18 : 0.000      C26 : 0.894      C33 : 0.000      C44 : 0.848      C52 : 0.978      C61 : 0.000      C66 : 0.895      C74 : 0.996      C82 : 0.994      C87 : 0.989 

