
b@localhost test4]$ phenix.python test4_1.py all 8.1 2ppn.pdb 
...
  GLY   11 :
     B1 : 0.8610      B2 : 0.4840      M : 0.6635      E1 : 0.0634      E2 : 0.6382 
  VAL   25 :
     B1 : 0.4396      B2 : 0.6197      M : 0.7687      E1 : 0.3400      E2 : 0.2863 
  GLN   312 :
     B1 : 0.6196      B2 : 0.8239      M : 0.8242      E1 : 0.6549      E2 : 0.5803 
  VAL   421 :
     B1 : 0.5112      B2 : 0.6951      M : 0.7798      E1 : 0.4347      E2 : 0.3544 
  GLU   537 :
     B1 : 0.6339      B2 : 0.8420      M : 0.8417      E1 : 0.6710      E2 : 0.6128 
  THR   646 :
     B1 : 0.4787      B2 : 0.8668      M : 0.8873      E1 : 0.6624      E2 : 0.3834 
  ILE   753 :
     B1 : 0.5993      B2 : 0.9651      M : 0.9311      E1 : 0.8045      E2 : 0.5888 
  SER   861 :
     B1 : 0.6394      B2 : 0.5349      M : 0.4711      E1 : 0.5886      E2 : 0.8093 
  SER   867 :
     B1 : 0.6835      B2 : 0.8243      M : 0.8815      E1 : 0.5757      E2 : 0.5909 
  PRO   973 :
     B1 : 0.5078      B2 : 0.8090      M : 0.8264      E1 : 0.6162      E2 : 0.4034 
  GLY  1080 :
     B1 : 0.1968      B2 : 0.7760      M : 0.6803      E1 : 0.7808      E2 : 0.2641 
  ASP  1184 :
     B1 : 0.6562      B2 : 0.7639      M : 0.8856      E1 : 0.4544      E2 : 0.4987 
  GLY  1292 :
     B1 : 0.6891      B2 : 0.9737      M : 0.9602      E1 : 0.8192      E2 : 0.7072 
  ARG  1396 :
     B1 : 0.5900      B2 : 0.8556      M : 0.8297      E1 : 0.7418      E2 : 0.5780 
  THR  14107 :
     B1 : 0.6024      B2 : 0.8706      M : 0.8990      E1 : 0.6700      E2 : 0.5463 
  PHE  15114 :
     B1 : 0.3813      B2 : 0.6800      M : 0.7477      E1 : 0.4782      E2 : 0.2583 
  PRO  16125 :
     B1 : 0.2541      B2 : 0.5711      M : 0.6080      E1 : 0.5355      E2 : 0.2793 
  LYS  17141 :
     B1 : 0.4425      B2 : 0.7181      M : 0.6877      E1 : 0.6574      E2 : 0.4370 
  ARG  18161 :
     B1 : 0.6556      B2 : 0.8720      M : 0.9001      E1 : 0.6992      E2 : 0.6482 
  GLY  19172 :
     B1 : 0.7148      B2 : 0.8710      M : 0.9438      E1 : 0.5845      E2 : 0.5991 
  GLN  20176 :
     B1 : 0.4581      B2 : 0.4396      M : 0.6297      E1 : 0.1539      E2 : 0.2812 
  THR  21185 :
     B1 : 0.4110      B2 : 0.7361      M : 0.8268      E1 : 0.4999      E2 : 0.3141 
  CYS  22192 :
     B1 : 0.4333      B2 : 0.4649      M : 0.6666      E1 : 0.1512      E2 : 0.2564 
  VAL  23198 :
     B1 : 0.3964      B2 : 0.5362      M : 0.7039      E1 : 0.2408      E2 : 0.2345 
  VAL  24205 :
     B1 : 0.4090      B2 : 0.3887      M : 0.6081      E1 : 0.0770      E2 : 0.2602 
  HIS  25212 :
     B1 : 0.4374      B2 : 0.5443      M : 0.7216      E1 : 0.2710      E2 : 0.3235 
  TYR  26222 :
     B1 : 0.4158      B2 : 0.5335      M : 0.6713      E1 : 0.2688      E2 : 0.2741 
  THR  27241 :
     B1 : 0.3813      B2 : 0.7635      M : 0.8099      E1 : 0.5822      E2 : 0.3112 
  GLY  28248 :
     B1 : 0.4224      B2 : 0.6165      M : 0.7541      E1 : 0.3307      E2 : 0.2744 
  MET  29260 :
     B1 : 0.3000      B2 : 0.5795      M : 0.7094      E1 : 0.3773      E2 : 0.2334 
  LEU  30268 :
     B1 : 0.4988      B2 : 0.5899      M : 0.7723      E1 : 0.2791      E2 : 0.3597 
  GLU  31285 :
     B1 : 0.5145      B2 : 0.8201      M : 0.8819      E1 : 0.6485      E2 : 0.4964 
  ASP  32294 :
     B1 : 0.5536      B2 : 0.9672      M : 0.8745      E1 : 0.9448      E2 : 0.6748 
  GLY  33302 :
     B1 : 0.7863      B2 : 0.9247      M : 0.9785      E1 : 0.6579      E2 : 0.7397 
  LYS  34306 :
     B1 : 0.6798      B2 : 0.8921      M : 0.9275      E1 : 0.6756      E2 : 0.6298 
  LYS  35315 :
     B1 : 0.3802      B2 : 0.8996      M : 0.8569      E1 : 0.7976      E2 : 0.3694 
  PHE  36324 :
     B1 : 0.5959      B2 : 0.8985      M : 0.9059      E1 : 0.7406      E2 : 0.5690 
  ASP  37335 :
     B1 : 0.6355      B2 : 0.6972      M : 0.7322      E1 : 0.5194      E2 : 0.5867 
  SER  38343 :
     B1 : 0.3770      B2 : 0.7517      M : 0.7762      E1 : 0.6174      E2 : 0.3611 
  SER  39349 :
     B1 : 0.4083      B2 : 0.4066      M : 0.6479      E1 : 0.0761      E2 : 0.2463 
  ARG  40366 :
     B1 : 0.5441      B2 : 0.7565      M : 0.9022      E1 : 0.4648      E2 : 0.4432 
  ASP  41377 :
     B1 : 0.7310      B2 : 0.9569      M : 0.9720      E1 : 0.7791      E2 : 0.7859 
  ARG  42385 :
     B1 : 0.7443      B2 : 0.9639      M : 0.9860      E1 : 0.7368      E2 : 0.7378 
  ASN  43404 :
     B1 : 0.6597      B2 : 0.9858      M : 0.9394      E1 : 0.8061      E2 : 0.6345 
  LYS  44412 :
     B1 : 0.6267      B2 : 0.6978      M : 0.7443      E1 : 0.5106      E2 : 0.5573 
  PRO  45421 :
     B1 : 0.6234      B2 : 0.7449      M : 0.8334      E1 : 0.4953      E2 : 0.5170 
  PHE  46428 :
     B1 : 0.5983      B2 : 0.7043      M : 0.7726      E1 : 0.4797      E2 : 0.4952 
  LYS  47439 :
     B1 : 0.4806      B2 : 0.7726      M : 0.7730      E1 : 0.5969      E2 : 0.3875 
  PHE  48448 :
     B1 : 0.5969      B2 : 0.6435      M : 0.7091      E1 : 0.4578      E2 : 0.5445 
  MET  49459 :
     B1 : 0.4562      B2 : 0.7962      M : 0.8673      E1 : 0.5699      E2 : 0.3614 
  LEU  50475 :
     B1 : 0.5057      B2 : 0.4991      M : 0.7155      E1 : 0.1703      E2 : 0.3325 
  GLY  51483 :
     B1 : 0.6235      B2 : 0.8690      M : 0.9312      E1 : 0.6666      E2 : 0.5890 
  LYS  52487 :
     B1 : 0.5743      B2 : 0.9152      M : 0.9382      E1 : 0.7948      E2 : 0.6404 
  GLN  53496 :
     B1 : 0.3445      B2 : 0.7963      M : 0.8076      E1 : 0.7850      E2 : 0.4866 
  GLU  54505 :
     B1 : 0.4259      B2 : 0.9147      M : 0.8224      E1 : 0.9427      E2 : 0.5548 
  VAL  55514 :
     B1 : 0.3998      B2 : 0.6569      M : 0.6692      E1 : 0.6077      E2 : 0.4280 
  ILE  56521 :
     B1 : 0.6668      B2 : 0.6969      M : 0.8263      E1 : 0.4110      E2 : 0.5467 
  ARG  57529 :
     B1 : 0.5962      B2 : 0.7840      M : 0.9213      E1 : 0.4786      E2 : 0.4995 
  GLY  58540 :
     B1 : 0.4115      B2 : 0.3932      M : 0.6475      E1 : 0.0528      E2 : 0.2671 
  TRP  59544 :
     B1 : 0.6270      B2 : 0.7130      M : 0.8903      E1 : 0.3772      E2 : 0.5352 
  GLU  60567 :
     B1 : 0.4863      B2 : 0.5352      M : 0.7491      E1 : 0.2258      E2 : 0.3564 
  GLU  61576 :
     B1 : 0.7315      B2 : 0.7800      M : 0.9352      E1 : 0.4261      E2 : 0.5978 
  GLY  62585 :
     B1 : 0.4146      B2 : 0.4493      M : 0.6833      E1 : 0.1368      E2 : 0.2905 
  VAL  63589 :
     B1 : 0.6524      B2 : 0.7762      M : 0.9167      E1 : 0.4809      E2 : 0.6040 
  ALA  64596 :
     B1 : 0.5476      B2 : 0.6371      M : 0.8308      E1 : 0.3430      E2 : 0.4794 
  GLN  65601 :
     B1 : 0.7201      B2 : 0.9642      M : 0.9675      E1 : 0.7705      E2 : 0.7110 
  MET  66610 :
     B1 : 0.5466      B2 : 0.6091      M : 0.7238      E1 : 0.3800      E2 : 0.4490 
  SER  67618 :
     B1 : 0.3909      B2 : 0.4833      M : 0.6915      E1 : 0.1613      E2 : 0.2235 
  VAL  68624 :
     B1 : 0.4827      B2 : 0.4166      M : 0.6586      E1 : 0.0795      E2 : 0.3050 
  GLY  69631 :
     B1 : 0.5456      B2 : 0.8574      M : 0.9227      E1 : 0.5966      E2 : 0.4388 
  GLN  70635 :
     B1 : 0.2396      B2 : 0.5704      M : 0.7062      E1 : 0.3702      E2 : 0.1712 
  ARG  71644 :
     B1 : 0.3567      B2 : 0.7258      M : 0.7877      E1 : 0.5274      E2 : 0.2748 
  ALA  72655 :
     B1 : 0.2894      B2 : 0.5118      M : 0.6744      E1 : 0.2675      E2 : 0.1713 
  LYS  73660 :
     B1 : 0.4317      B2 : 0.5960      M : 0.7423      E1 : 0.3032      E2 : 0.2777 
  LEU  74669 :
     B1 : 0.3635      B2 : 0.4230      M : 0.6281      E1 : 0.1147      E2 : 0.1891 
  THR  75677 :
     B1 : 0.4779      B2 : 0.7028      M : 0.8282      E1 : 0.4158      E2 : 0.3470 
  ILE  76684 :
     B1 : 0.3416      B2 : 0.3981      M : 0.6107      E1 : 0.0859      E2 : 0.1517 
  SER  77692 :
     B1 : 0.5585      B2 : 0.6575      M : 0.8332      E1 : 0.3101      E2 : 0.3969 
  PRO  78698 :
     B1 : 0.4644      B2 : 0.6080      M : 0.8022      E1 : 0.2725      E2 : 0.3521 
  ASP  79705 :
     B1 : 0.7084      B2 : 0.8909      M : 0.9794      E1 : 0.6209      E2 : 0.6513 
  TYR  80713 :
     B1 : 0.5001      B2 : 0.5267      M : 0.7541      E1 : 0.1676      E2 : 0.3396 
  ALA  81725 :
     B1 : 0.4949      B2 : 0.5401      M : 0.7285      E1 : 0.2052      E2 : 0.3091 
  TYR  82730 :
     B1 : 0.4833      B2 : 0.8035      M : 0.8483      E1 : 0.6011      E2 : 0.3861 
  GLY  83742 :
     B1 : 0.5157      B2 : 0.6294      M : 0.8023      E1 : 0.3137      E2 : 0.3712 
  ALA  84746 :
     B1 : 0.5672      B2 : 0.9604      M : 0.9118      E1 : 0.8036      E2 : 0.5419 
  THR  85758 :
     B1 : 0.7036      B2 : 0.9362      M : 0.9590      E1 : 0.7188      E2 : 0.6487 
  GLY  86765 :
     B1 : 0.4277      B2 : 0.5955      M : 0.7724      E1 : 0.2808      E2 : 0.2793 
  HIS  87779 :
     B1 : 0.6325      B2 : 0.8965      M : 0.9317      E1 : 0.6304      E2 : 0.5065 
  PRO  88789 :
     B1 : 0.6536      B2 : 0.8259      M : 0.8676      E1 : 0.6151      E2 : 0.5666 
  GLY  89796 :
     B1 : 0.6018      B2 : 0.9252      M : 0.8384      E1 : 0.8224      E2 : 0.5741 
  ILE  90800 :
     B1 : 0.6476      B2 : 0.8928      M : 0.8748      E1 : 0.7584      E2 : 0.6441 
  ILE  91808 :
     B1 : 0.6276      B2 : 0.8239      M : 0.8907      E1 : 0.5460      E2 : 0.4871 
  PRO  92816 :
     B1 : 0.6289      B2 : 0.6600      M : 0.8138      E1 : 0.3431      E2 : 0.4600 
  PRO  93823 :
     B1 : 0.5127      B2 : 0.8360      M : 0.9052      E1 : 0.6042      E2 : 0.4511 
  HIS  94830 :
     B1 : 0.6984      B2 : 0.8414      M : 0.9425      E1 : 0.5186      E2 : 0.5696 
  ALA  95840 :
     B1 : 0.3723      B2 : 0.4827      M : 0.6540      E1 : 0.2754      E2 : 0.2973 
  THR  96845 :
     B1 : 0.5007      B2 : 0.7409      M : 0.8313      E1 : 0.5000      E2 : 0.4031 
  LEU  97852 :
     B1 : 0.4604      B2 : 0.4538      M : 0.6412      E1 : 0.1368      E2 : 0.2781 
  VAL  98860 :
     B1 : 0.3973      B2 : 0.5375      M : 0.6895      E1 : 0.2576      E2 : 0.2416 
  PHE  99867 :
     B1 : 0.4015      B2 : 0.6133      M : 0.7416      E1 : 0.3488      E2 : 0.2678 
  ASP 100878 :
     B1 : 0.4951      B2 : 0.7305      M : 0.8457      E1 : 0.4539      E2 : 0.3889 
  VAL 101886 :
     B1 : 0.3977      B2 : 0.5667      M : 0.7218      E1 : 0.2895      E2 : 0.2515 
  GLU 102893 :
     B1 : 0.3875      B2 : 0.7248      M : 0.8006      E1 : 0.5160      E2 : 0.3071 
  LEU 103902 :
     B1 : 0.3780      B2 : 0.4518      M : 0.6635      E1 : 0.1339      E2 : 0.2071 
  LEU 104910 :
     B1 : 0.6394      B2 : 0.7265      M : 0.8852      E1 : 0.4273      E2 : 0.5322 
  LYS 105927 :
     B1 : 0.5459      B2 : 0.5147      M : 0.6503      E1 : 0.2879      E2 : 0.4466 
  LEU 106936 :
     B1 : 0.5605      B2 : 0.7552      M : 0.8033      E1 : 0.5586      E2 : 0.4859 
  GLU 107954 :
     B1 : 0.9368      B2 : 0.6771      M : 0.7378      E1 : 0.3554      E2 : 0.8022 

('time', 17156.93189406395)

