('time', 0.0045011043548583984)
0.99999998617
0.999999999974
0.999999996734
0.999999997936
0.999999958446
0.999999972195
0.999999996965
0.9999999969
...
  ALA   1 : B1: 1.00,  B2: 1.00, 
  CYS   2 : B1: 1.00,  B2: 1.00, 
  GLU   3 : B1: 1.00,  B2: 1.00,  M: 1.00, 
  ASP   4 : B1: 1.00,  B2: 1.00,  M: 1.00, 
  GLY   5 : B1: 1.00,  B2: 1.00,  M: 1.00,  E2: 1.00,  E1: 1.00, 
  PHE   6 : B1: 1.00,  B2: 1.00,  M: 1.00,  E2: 1.00,  E1: 1.00, 
  ILE   7 : B1: 1.00,  B2: 1.00,  M: 1.00,  E2: 1.00,  E1: 1.00, 
  HIS   8 : B1: 1.00,  B2: 1.00,  M: 1.00,  E2: 1.00,  E1: 1.00, 
  LYS   9 : M: 1.00,  E2: 1.00,  E1: 1.00, 
  MET  10 : M: 1.00,  E2: 1.00,  E1: 1.00, 
  LEU  11 : E2: 1.00,  E1: 1.00, 
  ASN  12 : E2: 1.00,  E1: 1.00, 

('time', 0.5571208000183105)
