('time', 0.07649803161621094)
0.0216587679491
0.03939354772
0.0274824421742
0.0351619804406
0.0341277829072
0.951853368032
0.0221931482175
0.0266070011414
0.0237645658424
0.998194428349
0.994087229177
0.0808361652257
0.155870829811
0.0226241134355
0.0280837064913
0.029834419271
0.519215398564
0.960082132266
0.0382613977529
0.168647239521
0.0950702308432
0.148579742886
0.0214605846865
0.213625546941
0.0220894520437
0.0346343500926
0.0260456973321
0.0202366340339
0.946563894646
0.999708377505
0.998151332279
0.92900328
0.104361580571
0.155176841204
0.852489293081
0.020362834491
0.0204391391276
0.999834682356
0.999834712058
0.998944709664
0.99658353931
0.9899433964
0.0196143563563
0.0400053990582
0.0297978336622
0.0203026272388
0.0202033565701
0.125457070667
0.743474688138
0.959338422733
0.997790722126
0.994976480159
0.997356643602
0.0195954058117
0.0751467024168
0.995356583415
0.99961578968
0.995744097692
0.999788190664
0.990213944385
0.978086335036
0.999281399737
0.999673717293
0.982969668213
0.0204817573977
0.105864296558
0.827781052127
0.977372003106
0.0280070711312
0.0799608433743
0.0216424961903
0.14845374118
0.0913663492181
0.415582637604
0.0242701483414
0.199276887447
0.999918345787
0.999478757973
0.948373741142
0.0171472417033
0.697695014302
0.996213040751
0.995700550822
0.881716640658
0.0397294313768
0.615440911197
0.998680395435
0.98490055897
0.123939934152
0.0354290376835
0.0218830912153
0.683314353618
0.983187300008
0.0223998912964
0.225943080658
0.019877609742
0.0353809840518
0.0241950334155
0.655400636904
0.0198457202989
0.0504953743776
0.68028090394
0.612377199839
...
  GLY   1 : B1: 0.02,  B2: 0.02, 
  VAL   2 : B1: 0.04,  B2: 0.04, 
  GLN   3 : B1: 0.03,  B2: 0.03,  M: 0.22, 
  VAL   4 : B1: 0.04,  B2: 0.04,  M: 0.14, 
  GLU   5 : B1: 0.03,  B2: 0.03,  M: 0.23,  E2: -0.03,  E1: -0.03, 
  THR   6 : B1: 0.95,  B2: 0.95,  M: 0.81,  E2: -0.03,  E1: -0.03, 
  ILE   7 : B1: 0.02,  B2: 0.02,  M: 0.94,  E2: -0.03,  E1: -0.03, 
  SER   8 : B1: 0.03,  B2: 0.03,  M: 0.81,  E2: 0.12,  E1: 0.12, 
  PRO   9 : B1: 0.02,  B2: 0.02,  M: 0.10,  E2: 0.01,  E1: 0.01, 
  GLY  10 : B1: 1.00,  B2: 1.00,  M: 0.95,  E2: -0.03,  E1: -0.03, 
  ASP  11 : B1: 0.99,  B2: 0.99,  M: 0.98,  E2: -0.03,  E1: -0.03, 
  GLY  12 : B1: 0.08,  B2: 0.08,  M: 0.96,  E2: 0.14,  E1: 0.14, 
  ARG  13 : B1: 0.16,  B2: 0.16,  M: 0.94,  E2: 0.14,  E1: 0.14, 
  THR  14 : B1: 0.02,  B2: 0.02,  M: 0.63,  E2: -0.02,  E1: -0.02, 
  PHE  15 : B1: 0.03,  B2: 0.03,  M: 0.14,  E2: -0.02,  E1: -0.02, 
  PRO  16 : B1: 0.03,  B2: 0.03,  M: 0.14,  E2: -0.03,  E1: -0.03, 
  LYS  17 : B1: 0.52,  B2: 0.52,  M: 0.16,  E2: -0.03,  E1: -0.03, 
  ARG  18 : B1: 0.96,  B2: 0.96,  M: 0.90,  E2: -0.03,  E1: -0.03, 
  GLY  19 : B1: 0.04,  B2: 0.04,  M: 0.94,  E2: -0.01,  E1: -0.01, 
  GLN  20 : B1: 0.17,  B2: 0.17,  M: 0.81,  E2: 0.66,  E1: 0.66, 
  THR  21 : B1: 0.09,  B2: 0.10,  M: 0.56,  E2: -0.03,  E1: -0.03, 
  CYS  22 : B1: 0.15,  B2: 0.15,  M: 0.52,  E2: -0.02,  E1: -0.02, 
  VAL  23 : B1: 0.02,  B2: 0.02,  M: 0.58,  E2: -0.03,  E1: -0.03, 
  VAL  24 : B1: 0.21,  B2: 0.21,  M: 0.15,  E2: -0.02,  E1: -0.02, 
  HIS  25 : B1: 0.02,  B2: 0.02,  M: 0.50,  E2: -0.03,  E1: -0.03, 
  TYR  26 : B1: 0.03,  B2: 0.03,  M: 0.08,  E2: -0.02,  E1: -0.02, 
  THR  27 : B1: 0.03,  B2: 0.03,  M: 0.17,  E2: -0.03,  E1: -0.03, 
  GLY  28 : B1: 0.02,  B2: 0.02,  M: 0.12,  E2: -0.03,  E1: -0.03, 
  MET  29 : B1: 0.95,  B2: 0.95,  M: 0.03,  E2: -0.03,  E1: -0.03, 
  LEU  30 : B1: 1.00,  B2: 1.00,  M: 0.99,  E2: -0.03,  E1: -0.03, 
  GLU  31 : B1: 1.00,  B2: 1.00,  M: 0.96,  E2: -0.03,  E1: -0.03, 
  ASP  32 : B1: 0.93,  B2: 0.93,  M: 0.97,  E2: 0.14,  E1: 0.14, 
  GLY  33 : B1: 0.10,  B2: 0.10,  M: 0.96,  E2: 0.72,  E1: 0.72, 
  LYS  34 : B1: 0.16,  B2: 0.16,  M: 0.83,  E2: 0.11,  E1: 0.11, 
  LYS  35 : B1: 0.85,  B2: 0.85,  M: 0.75,  E2: -0.01,  E1: -0.01, 
  PHE  36 : B1: 0.02,  B2: 0.02,  M: 0.91,  E2: -0.02,  E1: -0.02, 
  ASP  37 : B1: 0.02,  B2: 0.02,  M: 0.49,  E2: 0.08,  E1: 0.08, 
  SER  38 : B1: 1.00,  B2: 1.00,  M: 0.95,  E2: -0.03,  E1: -0.03, 
  SER  39 : B1: 1.00,  B2: 1.00,  M: 0.99,  E2: -0.03,  E1: -0.03, 
  ARG  40 : B1: 1.00,  B2: 1.00,  M: 1.00,  E2: 0.14,  E1: 0.14, 
  ASP  41 : B1: 1.00,  B2: 1.00,  M: 1.00,  E2: 0.92,  E1: 0.92, 
  ARG  42 : B1: 0.99,  B2: 0.99,  M: 0.97,  E2: 1.00,  E1: 1.00, 
  ASN  43 : B1: 0.02,  B2: 0.02,  M: 0.96,  E2: 0.99,  E1: 0.99, 
  LYS  44 : B1: 0.04,  B2: 0.04,  M: 0.89,  E2: 0.13,  E1: 0.13, 
  PRO  45 : B1: 0.03,  B2: 0.03,  M: 0.22,  E2: -0.03,  E1: -0.03, 
  PHE  46 : B1: 0.02,  B2: 0.02,  M: 0.12,  E2: -0.03,  E1: -0.03, 
  LYS  47 : B1: 0.02,  B2: 0.02,  M: 0.03,  E2: -0.03,  E1: -0.03, 
  PHE  48 : B1: 0.13,  B2: 0.13,  M: 0.06,  E2: -0.03,  E1: -0.03, 
  MET  49 : B1: 0.74,  B2: 0.74,  M: 0.57,  E2: -0.03,  E1: -0.03, 
  LEU  50 : B1: 0.96,  B2: 0.96,  M: 0.91,  E2: -0.02,  E1: -0.02, 
  GLY  51 : B1: 1.00,  B2: 1.00,  M: 1.00,  E2: -0.01,  E1: -0.01, 
  LYS  52 : B1: 0.99,  B2: 0.99,  M: 0.97,  E2: 0.88,  E1: 0.88, 
  GLN  53 : B1: 1.00,  B2: 1.00,  M: 0.97,  E2: 0.14,  E1: 0.14, 
  GLU  54 : B1: 0.02,  B2: 0.02,  M: 0.96,  E2: 0.14,  E1: 0.14, 
  VAL  55 : B1: 0.08,  B2: 0.08,  M: 0.93,  E2: 0.14,  E1: 0.14, 
  ILE  56 : B1: 1.00,  B2: 1.00,  M: 0.93,  E2: -0.03,  E1: -0.03, 
  ARG  57 : B1: 1.00,  B2: 1.00,  M: 0.93,  E2: -0.03,  E1: -0.03, 
  GLY  58 : B1: 1.00,  B2: 1.00,  M: 0.99,  E2: 0.13,  E1: 0.13, 
  TRP  59 : B1: 1.00,  B2: 1.00,  M: 1.00,  E2: 0.74,  E1: 0.74, 
  GLU  60 : B1: 0.99,  B2: 0.99,  M: 1.00,  E2: 1.00,  E1: 1.00, 
  GLU  61 : B1: 0.98,  B2: 0.98,  M: 0.98,  E2: 0.99,  E1: 0.99, 
  GLY  62 : B1: 1.00,  B2: 1.00,  M: 0.98,  E2: 1.00,  E1: 1.00, 
  VAL  63 : B1: 1.00,  B2: 1.00,  M: 0.97,  E2: 0.86,  E1: 0.86, 
  ALA  64 : B1: 0.98,  B2: 0.98,  M: 0.99,  E2: 0.93,  E1: 0.93, 
  GLN  65 : B1: 0.02,  B2: 0.02,  M: 0.96,  E2: 0.75,  E1: 0.75, 
  MET  66 : B1: 0.11,  B2: 0.11,  M: 0.88,  E2: 1.00,  E1: 1.00, 
  SER  67 : B1: 0.83,  B2: 0.83,  M: 0.15,  E2: -0.03,  E1: -0.03, 
  VAL  68 : B1: 0.98,  B2: 0.98,  M: 0.87,  E2: -0.03,  E1: -0.03, 
  GLY  69 : B1: 0.03,  B2: 0.03,  M: 0.95,  E2: -0.01,  E1: -0.01, 
  GLN  70 : B1: 0.08,  B2: 0.08,  M: 0.86,  E2: 0.87,  E1: 0.87, 
  ARG  71 : B1: 0.02,  B2: 0.02,  M: 0.35,  E2: -0.03,  E1: -0.03, 
  ALA  72 : B1: 0.15,  B2: 0.15,  M: 0.09,  E2: -0.03,  E1: -0.03, 
  LYS  73 : B1: 0.09,  B2: 0.09,  M: 0.51,  E2: -0.03,  E1: -0.03, 
  LEU  74 : B1: 0.42,  B2: 0.42,  M: 0.61,  E2: -0.02,  E1: -0.02, 
  THR  75 : B1: 0.02,  B2: 0.02,  M: 0.84,  E2: -0.03,  E1: -0.03, 
  ILE  76 : B1: 0.20,  B2: 0.20,  M: 0.31,  E2: 0.03,  E1: 0.03, 
  SER  77 : B1: 1.00,  B2: 1.00,  M: 0.99,  E2: -0.03,  E1: -0.03, 
  PRO  78 : B1: 1.00,  B2: 1.00,  M: 0.99,  E2: -0.03,  E1: -0.03, 
  ASP  79 : B1: 0.95,  B2: 0.95,  M: 0.98,  E2: 0.14,  E1: 0.14, 
  TYR  80 : B1: 0.02,  B2: 0.02,  M: 0.96,  E2: 0.74,  E1: 0.74, 
  ALA  81 : B1: 0.70,  B2: 0.70,  M: 0.90,  E2: 0.99,  E1: 0.99, 
  TYR  82 : B1: 1.00,  B2: 1.00,  M: 0.90,  E2: 0.12,  E1: 0.12, 
  GLY  83 : B1: 1.00,  B2: 1.00,  M: 0.94,  E2: 0.08,  E1: 0.08, 
  ALA  84 : B1: 0.88,  B2: 0.88,  M: 0.99,  E2: -0.03,  E1: -0.03, 
  THR  85 : B1: 0.04,  B2: 0.04,  M: 0.95,  E2: 0.14,  E1: 0.14, 
  GLY  86 : B1: 0.62,  B2: 0.62,  M: 0.81,  E2: 0.72,  E1: 0.72, 
  HIS  87 : B1: 1.00,  B2: 1.00,  M: 0.89,  E2: -0.03,  E1: -0.03, 
  PRO  88 : B1: 0.98,  B2: 0.98,  M: 0.90,  E2: 0.07,  E1: 0.07, 
  GLY  89 : B1: 0.12,  B2: 0.12,  M: 0.95,  E2: -0.01,  E1: -0.01, 
  ILE  90 : B1: 0.04,  B2: 0.04,  M: 0.92,  E2: 0.84,  E1: 0.84, 
  ILE  91 : B1: 0.02,  B2: 0.02,  M: 0.29,  E2: 0.27,  E1: 0.27, 
  PRO  92 : B1: 0.68,  B2: 0.68,  M: 0.13,  E2: -0.03,  E1: -0.03, 
  PRO  93 : B1: 0.98,  B2: 0.98,  M: 0.82,  E2: -0.03,  E1: -0.03, 
  HIS  94 : B1: 0.02,  B2: 0.02,  M: 0.95,  E2: -0.03,  E1: -0.03, 
  ALA  95 : B1: 0.23,  B2: 0.23,  M: 0.88,  E2: 0.67,  E1: 0.67, 
  THR  96 : B1: 0.02,  B2: 0.02,  M: 0.65,  E2: -0.03,  E1: -0.03, 
  LEU  97 : B1: 0.04,  B2: 0.04,  M: 0.11,  E2: -0.01,  E1: -0.01, 
  VAL  98 : B1: 0.02,  B2: 0.02,  M: 0.17,  E2: -0.03,  E1: -0.03, 
  PHE  99 : B1: 0.66,  B2: 0.66,  M: 0.42,  E2: -0.03,  E1: -0.03, 
  ASP 100 : B1: 0.02,  B2: 0.02,  M: 0.88,  E2: -0.03,  E1: -0.03, 
  VAL 101 : B1: 0.05,  B2: 0.05,  M: 0.36,  E2: 0.05,  E1: 0.05, 
  GLU 102 : B1: 0.68,  B2: 0.68,  M: 0.57,  E2: -0.03,  E1: -0.03, 
  LEU 103 : B1: 0.61,  B2: 0.61,  M: 0.91,  E2: -0.03,  E1: -0.03, 
  LEU 104 : M: 0.90,  E2: 0.06,  E1: 0.06, 
  LYS 105 : M: 0.32,  E2: 0.05,  E1: 0.05, 
  LEU 106 : E2: -0.03,  E1: -0.03, 
  GLU 107 : E2: -0.03,  E1: -0.03, 

('time', 1.2914061546325684)
