('time', 0.004333972930908203)
0.999666026899
0.999964793391
0.999938400827
0.999913941703
0.999989153981
0.999854688692
0.998732216117
0.999979501766
...
  ALA   1 : B1: 1.00,  B2: 1.00, 
  CYS   2 : B1: 1.00,  B2: 1.00, 
  GLU   3 : B1: 1.00,  B2: 1.00,  M: 1.00, 
  ASP   4 : B1: 1.00,  B2: 1.00,  M: 1.00, 
  GLY   5 : B1: 1.00,  B2: 1.00,  M: 1.00,  E2: 1.00,  E1: 1.00, 
  PHE   6 : B1: 1.00,  B2: 1.00,  M: 1.00,  E2: 1.00,  E1: 1.00, 
  ILE   7 : B1: 1.00,  B2: 1.00,  M: 1.00,  E2: 1.00,  E1: 1.00, 
  HIS   8 : B1: 1.00,  B2: 1.00,  M: 1.00,  E2: 1.00,  E1: 1.00, 
  LYS   9 : M: 1.00,  E2: 1.00,  E1: 1.00, 
  MET  10 : M: 1.00,  E2: 1.00,  E1: 1.00, 
  LEU  11 : E2: 1.00,  E1: 1.00, 
  ASN  12 : E2: 1.00,  E1: 1.00, 

('time', 0.5393519401550293)
